<?xml version="1.0" encoding="UTF-8"?>
<testsuite name="ATB6XRestAssured"
           tests="2"
           failures="0"
           errors="0"
           skipped="0"
           time="0.102">
    <properties></properties>



            <testcase
                name="smokeTest1"
                time="0.099"
                classname="com.apiautomation.testNG_day_25June2024.testNG_dependson.TestNGDependsOnMethods">
            </testcase>
            <testcase
                name="Case1"
                time="0.003"
                classname="com.apiautomation.testNG_day_25June2024.testNG_dependson.TestNGDependsOnMethods">
            </testcase>
</testsuite>
