<?xml version="1.0" encoding="UTF-8"?>
<testsuite name="ATB6XRestAssured"
           tests="2"
           failures="0"
           errors="0"
           skipped="0"
           time="8.583">
    <properties></properties>



            <testcase
                name="deleteBooking"
                time="3.247"
                classname="com.apiautomation.testNG_day_23June2024.FullCrudE2E.RestfulBookerCRUD">
            </testcase>
            <testcase
                name="fullUpdateBooking"
                time="5.336"
                classname="com.apiautomation.testNG_day_23June2024.FullCrudE2E.RestfulBookerCRUD">
            </testcase>
</testsuite>
