<?xml version="1.0" encoding="UTF-8"?>
<testsuite name="ATB6XRestAssured2"
           tests="6"
           failures="0"
           errors="0"
           skipped="0"
           time="0.125">
    <properties></properties>



            <testcase
                name="testMethod3PR2"
                time="0.012"
                classname="com.apiautomation.testNG_misc_concepts.parallelrun.ParallelRunner2">
            </testcase>
            <testcase
                name="testMethod4PR2"
                time="0.002"
                classname="com.apiautomation.testNG_misc_concepts.parallelrun.ParallelRunner2">
            </testcase>
            <testcase
                name="testMethod5PR2"
                time="0.005"
                classname="com.apiautomation.testNG_misc_concepts.parallelrun.ParallelRunner2">
            </testcase>
            <testcase
                name="testMethod6PR2"
                time="0.003"
                classname="com.apiautomation.testNG_misc_concepts.parallelrun.ParallelRunner2">
            </testcase>
            <testcase
                name="testMethod1PR2"
                time="0.097"
                classname="com.apiautomation.testNG_misc_concepts.parallelrun.ParallelRunner2">
            </testcase>
            <testcase
                name="testMethod2PR2"
                time="0.006"
                classname="com.apiautomation.testNG_misc_concepts.parallelrun.ParallelRunner2">
            </testcase>
</testsuite>
