<?xml version="1.0" encoding="UTF-8"?>
<testsuite name="ATB6XRestAssured"
           tests="2"
           failures="0"
           errors="0"
           skipped="0"
           time="0.019">
    <properties></properties>



            <testcase
                name="testMethod1"
                time="0.002"
                classname="com.apiautomation.testNG_day_22June2024.TestNGBasic2">
            </testcase>
            <testcase
                name="testMethod2"
                time="0.017"
                classname="com.apiautomation.testNG_day_22June2024.TestNGBasic2">
            </testcase>
</testsuite>
